Arguments: 
  /home/jairussw/.nvm/versions/node/v19.7.0/bin/node /mnt/c/Users/jairu/AppData/Roaming/npm/node_modules/yarn/bin/yarn.js add assemblyscript --dev

PATH: 
  /home/jairussw/.wasmtime/bin:/home/jairussw/.bun/bin:/home/jairussw/.vscode-server/bin/b7886d7461186a5eac768481578c1d7ca80e2d21/bin/remote-cli:/home/jairussw/.nvm/versions/node/v19.7.0/bin:/home/jairussw/.cargo/bin:/home/jairussw/.wasmtime/bin:/home/jairussw/.bun/bin:/usr/local/sbin:/usr/local/bin:/usr/sbin:/usr/bin:/sbin:/bin:/usr/games:/usr/local/games:/usr/lib/wsl/lib:/mnt/c/Program Files/Zulu/zulu-17/bin/:/mnt/c/Python310/Scripts/:/mnt/c/Python310/:/mnt/c/WINDOWS/system32:/mnt/c/WINDOWS:/mnt/c/WINDOWS/System32/Wbem:/mnt/c/WINDOWS/System32/WindowsPowerShell/v1.0/:/mnt/c/WINDOWS/System32/OpenSSH/:/mnt/c/Program Files/nodejs/:/mnt/c/ProgramData/chocolatey/bin:/mnt/c/Program Files/Git/cmd:/mnt/c/Program Files/doctl/:/mnt/c/Program Files/WAVM/bin:/mnt/c/WINDOWS/system32:/mnt/c/WINDOWS:/mnt/c/WINDOWS/System32/Wbem:/mnt/c/WINDOWS/System32/WindowsPowerShell/v1.0/:/mnt/c/WINDOWS/System32/OpenSSH/:/mnt/c/Program Files/dotnet/:/mnt/c/Users/jairu/.cargo/bin:/mnt/c/Program Files/GraalVM/bin:/mnt/c/Users/jairu/AppData/Roaming/gotop:/mnt/c/Program Files/FFmpeg/bin:/mnt/c/Program Files/Lunatic:/mnt/c/Users/jairu/AppData/Roaming/npm:/mnt/c/Users/jairu/AppData/Local/Programs/Microsoft VS Code/bin:/mnt/c/Users/jairu/AppData/Local/Microsoft/WindowsApps:/snap/bin

Yarn version: 
  1.22.19

Node version: 
  19.7.0

Platform: 
  linux x64

Trace: 
  Error: read ECONNRESET
      at TLSWrap.onStreamRead (node:internal/stream_base_commons:217:20)

npm manifest: 
  {
    "devDependencies": {
      "@types/node": "^18.15.11",
      "prettier": "^2.8.7"
    }
  }

yarn manifest: 
  No manifest

Lockfile: 
  # THIS IS AN AUTOGENERATED FILE. DO NOT EDIT THIS FILE DIRECTLY.
  # yarn lockfile v1
  
  
  "@types/node@^18.15.11":
    version "18.15.11"
    resolved "https://registry.yarnpkg.com/@types/node/-/node-18.15.11.tgz#b3b790f09cb1696cffcec605de025b088fa4225f"
    integrity sha512-E5Kwq2n4SbMzQOn6wnmBjuK9ouqlURrcZDVfbo9ftDDTFt3nk7ZKK4GMOzoYgnpQJKcxwQw+lGaBvvlMo0qN/Q==
  
  prettier@^2.8.7:
    version "2.8.7"
    resolved "https://registry.yarnpkg.com/prettier/-/prettier-2.8.7.tgz#bb79fc8729308549d28fe3a98fce73d2c0656450"
    integrity sha512-yPngTo3aXUUmyuTjeTUT75txrf+aMh9FiD7q9ZE/i6r0bPb22g4FsE6Y338PQX1bmfy08i9QQCB7/rcUAVntfw==
